<?xml version="1.0" encoding="UTF-8"?>
<!-- Generated by org.testng.reporters.JUnitReportReporter -->
<testsuite hostname="LPT1004-M1" failures="0" tests="1" name="Test.day1" time="0.006" errors="0" timestamp="2024-08-04T02:38:36 IST" skipped="0">
  <testcase classname="Test.day1" name="Demo" time="0.006"/>
  <system-out/>
</testsuite> <!-- Test.day1 -->
