<?xml version="1.0" encoding="UTF-8"?>
<!-- Generated by org.testng.reporters.JUnitReportReporter -->
<testsuite hostname="LPT1004-M1" failures="0" tests="1" name="Test.day2" time="0.001" errors="0" timestamp="2024-08-04T02:38:36 IST" skipped="0">
  <testcase classname="Test.day2" name="Check" time="0.001"/>
  <system-out/>
</testsuite> <!-- Test.day2 -->
