<?xml version="1.0" encoding="UTF-8"?>
<!-- Generated by org.testng.reporters.JUnitReportReporter -->
<testsuite hostname="LPT1004-M1" failures="0" tests="3" name="Test.day4" time="0.004" errors="0" timestamp="2024-08-04T02:38:36 IST" skipped="0">
  <testcase classname="Test.day4" name="LoginAPIHomeLoan" time="0.002"/>
  <system-out/>
  <testcase classname="Test.day4" name="MobileLoginHomeLoan" time="0.001"/>
  <system-out/>
  <testcase classname="Test.day4" name="WebloginHomeLoan" time="0.001"/>
  <system-out/>
</testsuite> <!-- Test.day4 -->
